<?xml version="1.0" encoding="UTF-8"?>
<testsuite name="ScoreCollectionTest" tests="1" skipped="0" failures="0" errors="0" timestamp="2022-06-07T06:30:43" hostname="DESKTOP-BRDMCFL" time="0.022">
  <properties/>
  <testcase name="book 31p" classname="ScoreCollectionTest" time="0.022"/>
  <system-out><![CDATA[]]></system-out>
  <system-err><![CDATA[]]></system-err>
</testsuite>
