<?xml version="1.0" encoding="UTF-8"?>
<testsuite name="ScoreCollectionTest" tests="1" skipped="0" failures="0" errors="0" timestamp="2022-06-07T06:13:51" hostname="DESKTOP-BRDMCFL" time="0.016">
  <properties/>
  <testcase name="Single test successful" classname="ScoreCollectionTest" time="0.016"/>
  <system-out><![CDATA[]]></system-out>
  <system-err><![CDATA[]]></system-err>
</testsuite>
